{"/Users/qitmac000447/Documents/learn/nodejs/pro/node-learn/lesson10/app.js":{"path":"/Users/qitmac000447/Documents/learn/nodejs/pro/node-learn/lesson10/app.js","s":{"1":1,"2":1,"3":360,"4":1,"5":359,"6":1,"7":358,"8":2,"9":356,"10":69,"11":287,"12":111,"13":176,"14":1,"15":1,"16":8,"17":8,"18":8,"19":4,"20":1,"21":1,"22":1},"b":{"1":[1,359],"2":[360,360],"3":[1,358],"4":[2,356],"5":[69,287],"6":[111,176]},"f":{"1":360,"2":8,"3":1},"fnMap":{"1":{"name":"(anonymous_1)","line":3,"loc":{"start":{"line":3,"column":16},"end":{"line":3,"column":29}}},"2":{"name":"(anonymous_2)","line":26,"loc":{"start":{"line":26,"column":16},"end":{"line":26,"column":36}}},"3":{"name":"(anonymous_3)","line":45,"loc":{"start":{"line":45,"column":17},"end":{"line":45,"column":29}}}},"statementMap":{"1":{"start":{"line":1,"column":0},"end":{"line":1,"column":33}},"2":{"start":{"line":3,"column":0},"end":{"line":22,"column":2}},"3":{"start":{"line":5,"column":4},"end":{"line":7,"column":5}},"4":{"start":{"line":6,"column":8},"end":{"line":6,"column":48}},"5":{"start":{"line":8,"column":4},"end":{"line":10,"column":5}},"6":{"start":{"line":9,"column":8},"end":{"line":9,"column":40}},"7":{"start":{"line":11,"column":4},"end":{"line":13,"column":5}},"8":{"start":{"line":12,"column":8},"end":{"line":12,"column":42}},"9":{"start":{"line":14,"column":4},"end":{"line":16,"column":5}},"10":{"start":{"line":15,"column":8},"end":{"line":15,"column":17}},"11":{"start":{"line":17,"column":4},"end":{"line":19,"column":5}},"12":{"start":{"line":18,"column":8},"end":{"line":18,"column":17}},"13":{"start":{"line":21,"column":4},"end":{"line":21,"column":43}},"14":{"start":{"line":24,"column":0},"end":{"line":24,"column":20}},"15":{"start":{"line":26,"column":0},"end":{"line":40,"column":3}},"16":{"start":{"line":28,"column":4},"end":{"line":28,"column":32}},"17":{"start":{"line":29,"column":4},"end":{"line":39,"column":5}},"18":{"start":{"line":32,"column":8},"end":{"line":32,"column":39}},"19":{"start":{"line":36,"column":8},"end":{"line":38,"column":29}},"20":{"start":{"line":43,"column":0},"end":{"line":43,"column":21}},"21":{"start":{"line":45,"column":0},"end":{"line":47,"column":3}},"22":{"start":{"line":46,"column":4},"end":{"line":46,"column":49}}},"branchMap":{"1":{"line":5,"type":"if","locations":[{"start":{"line":5,"column":4},"end":{"line":5,"column":4}},{"start":{"line":5,"column":4},"end":{"line":5,"column":4}}]},"2":{"line":5,"type":"binary-expr","locations":[{"start":{"line":5,"column":8},"end":{"line":5,"column":29}},{"start":{"line":5,"column":33},"end":{"line":5,"column":41}}]},"3":{"line":8,"type":"if","locations":[{"start":{"line":8,"column":4},"end":{"line":8,"column":4}},{"start":{"line":8,"column":4},"end":{"line":8,"column":4}}]},"4":{"line":11,"type":"if","locations":[{"start":{"line":11,"column":4},"end":{"line":11,"column":4}},{"start":{"line":11,"column":4},"end":{"line":11,"column":4}}]},"5":{"line":14,"type":"if","locations":[{"start":{"line":14,"column":4},"end":{"line":14,"column":4}},{"start":{"line":14,"column":4},"end":{"line":14,"column":4}}]},"6":{"line":17,"type":"if","locations":[{"start":{"line":17,"column":4},"end":{"line":17,"column":4}},{"start":{"line":17,"column":4},"end":{"line":17,"column":4}}]}}}}