TN:
SF:/Users/qitmac000447/Documents/learn/nodejs/pro/node-learn/lesson10/app.js
FN:3,(anonymous_1)
FN:26,(anonymous_2)
FN:45,(anonymous_3)
FNF:3
FNH:3
FNDA:360,(anonymous_1)
FNDA:8,(anonymous_2)
FNDA:1,(anonymous_3)
DA:1,1
DA:3,1
DA:5,360
DA:6,1
DA:8,359
DA:9,1
DA:11,358
DA:12,2
DA:14,356
DA:15,69
DA:17,287
DA:18,111
DA:21,176
DA:24,1
DA:26,1
DA:28,8
DA:29,8
DA:32,8
DA:36,4
DA:43,1
DA:45,1
DA:46,1
LF:22
LH:22
BRDA:5,1,0,1
BRDA:5,1,1,359
BRDA:5,2,0,360
BRDA:5,2,1,360
BRDA:8,3,0,1
BRDA:8,3,1,358
BRDA:11,4,0,2
BRDA:11,4,1,356
BRDA:14,5,0,69
BRDA:14,5,1,287
BRDA:17,6,0,111
BRDA:17,6,1,176
BRF:12
BRH:12
end_of_record
